C51 COMPILER V9.52.0.0   DELAY                                                             03/24/2023 23:09:35 PAGE 1   


C51 COMPILER V9.52.0.0, COMPILATION OF MODULE DELAY
OBJECT MODULE PLACED IN delay.OBJ
COMPILER INVOKED BY: C:\Keil\C51\BIN\C51.EXE delay.c BROWSE DEBUG OBJECTEXTEND TABS(2)

line level    source

   1          #include "delay.h"
   2          #include "intrins.h"
   3          /*------------------------------------------------
   4           uS延时函数，含有输入参数 unsigned char t，无返回值
   5           unsigned char 是定义无符号字符变量，其值的范围是
   6           0~255 这里使用晶振12M，精确延时请使用汇编,大致延时
   7           长度如下 T=tx2+5 uS 
   8          ------------------------------------------------*/
   9          void DelayUs2x(unsigned char t)
  10          {   
  11   1       while(--t);
  12   1      }
  13          /*------------------------------------------------
  14           mS延时函数，含有输入参数 unsigned char t，无返回值
  15           unsigned char 是定义无符号字符变量，其值的范围是
  16           0~255 这里使用晶振12M，精确延时请使用汇编
  17          ------------------------------------------------*/
  18          void DelayMs(unsigned char t)
  19          {
  20   1       unsigned char i, j, k;
  21   1        while(t--)
  22   1        {_nop_();
  23   2        _nop_();
  24   2        i = 2;
  25   2        j = 7;
  26   2        k = 159;
  27   2        do
  28   2        {
  29   3          do
  30   3          {
  31   4            while (--k);
  32   4          } while (--j);
  33   3        } while (--i);
  34   2        }
  35   1      }


MODULE INFORMATION:   STATIC OVERLAYABLE
   CODE SIZE        =     26    ----
   CONSTANT SIZE    =   ----    ----
   XDATA SIZE       =   ----    ----
   PDATA SIZE       =   ----    ----
   DATA SIZE        =   ----    ----
   IDATA SIZE       =   ----    ----
   BIT SIZE         =   ----    ----
END OF MODULE INFORMATION.


C51 COMPILATION COMPLETE.  0 WARNING(S),  0 ERROR(S)
